c:\users\nktrc\onedrive\vsworkspace\cg praktikum\praktikum03_3dmodelle_mit_index_und_vertex_buffern\cgvstudio\cgvstudio\debug\vc142.pdb
c:\users\nktrc\onedrive\vsworkspace\cg praktikum\praktikum03_3dmodelle_mit_index_und_vertex_buffern\cgvstudio\cgvstudio\debug\vc142.idb
c:\users\nktrc\onedrive\vsworkspace\cg praktikum\praktikum03_3dmodelle_mit_index_und_vertex_buffern\cgvstudio\cgvstudio\debug\vector.obj
c:\users\nktrc\onedrive\vsworkspace\cg praktikum\praktikum03_3dmodelle_mit_index_und_vertex_buffern\cgvstudio\cgvstudio\debug\trianglespheremodel.obj
c:\users\nktrc\onedrive\vsworkspace\cg praktikum\praktikum03_3dmodelle_mit_index_und_vertex_buffern\cgvstudio\cgvstudio\debug\triangleplanemodel.obj
c:\users\nktrc\onedrive\vsworkspace\cg praktikum\praktikum03_3dmodelle_mit_index_und_vertex_buffern\cgvstudio\cgvstudio\debug\triangleboxmodel.obj
c:\users\nktrc\onedrive\vsworkspace\cg praktikum\praktikum03_3dmodelle_mit_index_und_vertex_buffern\cgvstudio\cgvstudio\debug\texture.obj
c:\users\nktrc\onedrive\vsworkspace\cg praktikum\praktikum03_3dmodelle_mit_index_und_vertex_buffern\cgvstudio\cgvstudio\debug\rgbimage.obj
c:\users\nktrc\onedrive\vsworkspace\cg praktikum\praktikum03_3dmodelle_mit_index_und_vertex_buffern\cgvstudio\cgvstudio\debug\phongshader.obj
c:\users\nktrc\onedrive\vsworkspace\cg praktikum\praktikum03_3dmodelle_mit_index_und_vertex_buffern\cgvstudio\cgvstudio\debug\model.obj
c:\users\nktrc\onedrive\vsworkspace\cg praktikum\praktikum03_3dmodelle_mit_index_und_vertex_buffern\cgvstudio\cgvstudio\debug\matrix.obj
c:\users\nktrc\onedrive\vsworkspace\cg praktikum\praktikum03_3dmodelle_mit_index_und_vertex_buffern\cgvstudio\cgvstudio\debug\main.obj
c:\users\nktrc\onedrive\vsworkspace\cg praktikum\praktikum03_3dmodelle_mit_index_und_vertex_buffern\cgvstudio\cgvstudio\debug\lineplanemodel.obj
c:\users\nktrc\onedrive\vsworkspace\cg praktikum\praktikum03_3dmodelle_mit_index_und_vertex_buffern\cgvstudio\cgvstudio\debug\lineboxmodel.obj
c:\users\nktrc\onedrive\vsworkspace\cg praktikum\praktikum03_3dmodelle_mit_index_und_vertex_buffern\cgvstudio\cgvstudio\debug\indexbuffer.obj
c:\users\nktrc\onedrive\vsworkspace\cg praktikum\praktikum03_3dmodelle_mit_index_und_vertex_buffern\cgvstudio\cgvstudio\debug\constantshader.obj
c:\users\nktrc\onedrive\vsworkspace\cg praktikum\praktikum03_3dmodelle_mit_index_und_vertex_buffern\cgvstudio\cgvstudio\debug\color.obj
c:\users\nktrc\onedrive\vsworkspace\cg praktikum\praktikum03_3dmodelle_mit_index_und_vertex_buffern\cgvstudio\cgvstudio\debug\camera.obj
c:\users\nktrc\onedrive\vsworkspace\cg praktikum\praktikum03_3dmodelle_mit_index_und_vertex_buffern\cgvstudio\cgvstudio\debug\baseshader.obj
c:\users\nktrc\onedrive\vsworkspace\cg praktikum\praktikum03_3dmodelle_mit_index_und_vertex_buffern\cgvstudio\cgvstudio\debug\basemodel.obj
c:\users\nktrc\onedrive\vsworkspace\cg praktikum\praktikum03_3dmodelle_mit_index_und_vertex_buffern\cgvstudio\cgvstudio\debug\application.obj
c:\users\nktrc\onedrive\vsworkspace\cg praktikum\praktikum03_3dmodelle_mit_index_und_vertex_buffern\cgvstudio\cgvstudio\debug\aabb.obj
c:\users\nktrc\onedrive\vsworkspace\cg praktikum\praktikum03_3dmodelle_mit_index_und_vertex_buffern\cgvstudio\cgvstudio\debug\vertexbuffer.obj
c:\users\nktrc\onedrive\vsworkspace\cg praktikum\praktikum03_3dmodelle_mit_index_und_vertex_buffern\cgvstudio\debug\praktikum03_3dmodelle_mit_index_und_vertex_buffern.ilk
c:\users\nktrc\onedrive\vsworkspace\cg praktikum\praktikum03_3dmodelle_mit_index_und_vertex_buffern\cgvstudio\debug\praktikum03_3dmodelle_mit_index_und_vertex_buffern.exe
c:\users\nktrc\onedrive\vsworkspace\cg praktikum\praktikum03_3dmodelle_mit_index_und_vertex_buffern\cgvstudio\debug\praktikum03_3dmodelle_mit_index_und_vertex_buffern.pdb
c:\users\nktrc\onedrive\vsworkspace\cg praktikum\praktikum03_3dmodelle_mit_index_und_vertex_buffern\cgvstudio\cgvstudio\debug\praktiku.428a6cfb.tlog\cl.command.1.tlog
c:\users\nktrc\onedrive\vsworkspace\cg praktikum\praktikum03_3dmodelle_mit_index_und_vertex_buffern\cgvstudio\cgvstudio\debug\praktiku.428a6cfb.tlog\cl.read.1.tlog
c:\users\nktrc\onedrive\vsworkspace\cg praktikum\praktikum03_3dmodelle_mit_index_und_vertex_buffern\cgvstudio\cgvstudio\debug\praktiku.428a6cfb.tlog\cl.write.1.tlog
c:\users\nktrc\onedrive\vsworkspace\cg praktikum\praktikum03_3dmodelle_mit_index_und_vertex_buffern\cgvstudio\cgvstudio\debug\praktiku.428a6cfb.tlog\link.command.1.tlog
c:\users\nktrc\onedrive\vsworkspace\cg praktikum\praktikum03_3dmodelle_mit_index_und_vertex_buffern\cgvstudio\cgvstudio\debug\praktiku.428a6cfb.tlog\link.read.1.tlog
c:\users\nktrc\onedrive\vsworkspace\cg praktikum\praktikum03_3dmodelle_mit_index_und_vertex_buffern\cgvstudio\cgvstudio\debug\praktiku.428a6cfb.tlog\link.write.1.tlog
