  Aabb.cpp
  Application.cpp
  BaseModel.cpp
  BaseShader.cpp
  Camera.cpp
  color.cpp
  ConstantShader.cpp
  Framebuffer.cpp
  IndexBuffer.cpp
  ShaderLightMapper.cpp
  Lights.cpp
  LineBoxModel.cpp
  LinePlaneModel.cpp
  main.cpp
  Matrix.cpp
  Model.cpp
C:\Users\nktrc\OneDrive\VSWorkspace\HS-Computergrafik\Praktikum06_Phong_fs\src\Model.cpp(101,23): warning C4018: '<': signed/unsigned mismatch
C:\Users\nktrc\OneDrive\VSWorkspace\HS-Computergrafik\Praktikum06_Phong_fs\src\Model.cpp(108,37): warning C4018: '<': signed/unsigned mismatch
C:\Users\nktrc\OneDrive\VSWorkspace\HS-Computergrafik\Praktikum06_Phong_fs\src\Model.cpp(145,31): warning C4018: '<': signed/unsigned mismatch
C:\Users\nktrc\OneDrive\VSWorkspace\HS-Computergrafik\Praktikum06_Phong_fs\src\Model.cpp(148,35): warning C4018: '<': signed/unsigned mismatch
C:\Users\nktrc\OneDrive\VSWorkspace\HS-Computergrafik\Praktikum06_Phong_fs\src\Model.cpp(166,27): warning C4018: '<': signed/unsigned mismatch
C:\Users\nktrc\OneDrive\VSWorkspace\HS-Computergrafik\Praktikum06_Phong_fs\src\Model.cpp(172,27): warning C4018: '<': signed/unsigned mismatch
C:\Users\nktrc\OneDrive\VSWorkspace\HS-Computergrafik\Praktikum06_Phong_fs\src\Model.cpp(208,23): warning C4018: '<': signed/unsigned mismatch
C:\Users\nktrc\OneDrive\VSWorkspace\HS-Computergrafik\Praktikum06_Phong_fs\src\Model.cpp(209,27): warning C4018: '<': signed/unsigned mismatch
  PhongShader.cpp
  rgbimage.cpp
C:\Users\nktrc\OneDrive\VSWorkspace\HS-Computergrafik\Praktikum06_Phong_fs\src\rgbimage.cpp(45,11): warning C4244: '=': conversion from 'float' to 'char', possible loss of data
C:\Users\nktrc\OneDrive\VSWorkspace\HS-Computergrafik\Praktikum06_Phong_fs\src\rgbimage.cpp(51,9): warning C4309: '=': truncation of constant value
C:\Users\nktrc\OneDrive\VSWorkspace\HS-Computergrafik\Praktikum06_Phong_fs\src\rgbimage.cpp(63,20): warning C4018: '<': signed/unsigned mismatch
C:\Users\nktrc\OneDrive\VSWorkspace\HS-Computergrafik\Praktikum06_Phong_fs\src\rgbimage.cpp(65,21): warning C4018: '<': signed/unsigned mismatch
C:\Users\nktrc\OneDrive\VSWorkspace\HS-Computergrafik\Praktikum06_Phong_fs\src\rgbimage.cpp(176,20): warning C4018: '<': signed/unsigned mismatch
C:\Users\nktrc\OneDrive\VSWorkspace\HS-Computergrafik\Praktikum06_Phong_fs\src\rgbimage.cpp(177,21): warning C4018: '<': signed/unsigned mismatch
  ShadowMapGenerator.cpp
  Texture.cpp
  Generating Code...
  Compiling...
  TriangleBoxModel.cpp
  TrianglePlaneModel.cpp
  TriangleSphereModel.cpp
  vector.cpp
  VertexBuffer.cpp
  Generating Code...
LINK : warning LNK4098: defaultlib 'MSVCRT' conflicts with use of other libs; use /NODEFAULTLIB:library
  CGVStudio.vcxproj -> C:\Users\nktrc\OneDrive\VSWorkspace\HS-Computergrafik\Praktikum06_Phong_fs\CGVStudio\Debug\CGVStudio.exe
